<?xml version="1.0" encoding="UTF-8"?>
<testsuite name="kps.tests.AllTests" tests="0" skipped="0" failures="0" errors="0" timestamp="1970-01-01T00:00:00" hostname="sliverbeast8-2.local" time="0.0">
  <properties/>
  <system-out><![CDATA[]]></system-out>
  <system-err><![CDATA[java.net.SocketException: Socket closed
	at java.net.PlainSocketImpl.socketAccept(Native Method)
	at java.net.AbstractPlainSocketImpl.accept(AbstractPlainSocketImpl.java:409)
	at java.net.ServerSocket.implAccept(ServerSocket.java:545)
	at java.net.ServerSocket.accept(ServerSocket.java:513)
	at kps.server.KPSServer.run(KPSServer.java:106)
	at kps.tests.KPSServerTests.lambda$testNetworkMessage$1(KPSServerTests.java:186)
	at java.lang.Thread.run(Thread.java:745)
]]></system-err>
</testsuite>
